<?xml version="1.0" encoding="UTF-8"?>
<!-- Generated by org.testng.reporters.JUnitReportReporter -->
<testsuite skipped="0" hostname="DESKTOP-C9H20OP" name="caseItem.NewT" tests="1" failures="0" timestamp="28 Apr 2018 09:42:37 GMT" time="32.904" errors="0">
  <testcase name="flogin" time="32.904" classname="caseItem.NewT"/>
</testsuite> <!-- caseItem.NewT -->
